<?xml version="1.0" encoding="UTF-8"?>
<testng-results skipped="0" failed="0" ignored="0" total="1" passed="1">
  <reporter-output>
  </reporter-output>
  <suite name="Suite" duration-ms="21936" started-at="2018-05-09T10:18:47Z" finished-at="2018-05-09T10:19:09Z">
    <groups>
    </groups>
    <test name="Test" duration-ms="21936" started-at="2018-05-09T10:18:47Z" finished-at="2018-05-09T10:19:09Z">
      <class name="mvntestng.Newmvn.NewTest">
        <test-method status="PASS" signature="f()[pri:0, instance:mvntestng.Newmvn.NewTest@4edc67]" name="f" duration-ms="21864" started-at="2018-05-09T10:18:47Z" finished-at="2018-05-09T10:19:09Z">
          <reporter-output>
          </reporter-output>
        </test-method> <!-- f -->
      </class> <!-- mvntestng.Newmvn.NewTest -->
    </test> <!-- Test -->
  </suite> <!-- Suite -->
</testng-results>
